<?xml version="1.0" encoding="UTF-8" ?>
<testsuite tests="3" failures="0" name="com.bigtobster.pgnextractalt.commands.PGNIOCommandsTest" time="0.216" errors="0" skipped="0">
	<properties>
		<property name="idea.version" value="13.1.6"/>
		<property name="java.runtime.name" value="Java(TM) SE Runtime Environment"/>
		<property name="sun.boot.library.path" value="/usr/java/jdk1.8.0_65/jre/lib/amd64"/>
		<property name="java.vm.version" value="25.65-b01"/>
		<property name="java.vm.vendor" value="Oracle Corporation"/>
		<property name="java.vendor.url" value="http://java.oracle.com/"/>
		<property name="path.separator" value=":"/>
		<property name="guice.disable.misplaced.annotation.check" value="true"/>
		<property name="java.vm.name" value="Java HotSpot(TM) 64-Bit Server VM"/>
		<property name="file.encoding.pkg" value="sun.io"/>
		<property name="idea.launcher.port" value="7534"/>
		<property name="user.country" value="GB"/>
		<property name="sun.java.launcher" value="SUN_STANDARD"/>
		<property name="sun.os.patch.level" value="unknown"/>
		<property name="java.vm.specification.name" value="Java Virtual Machine Specification"/>
		<property name="user.dir"
		          value="/home/toby/Documents/University of Kent/Year 4/Research Project - CO620/Final Deliverables/Artefact/pgn-extract-alt"/>
		<property name="java.runtime.version" value="1.8.0_65-b17"/>
		<property name="java.awt.graphicsenv" value="sun.awt.X11GraphicsEnvironment"/>
		<property name="java.endorsed.dirs" value="/usr/java/jdk1.8.0_65/jre/lib/endorsed"/>
		<property name="os.arch" value="amd64"/>
		<property name="java.io.tmpdir" value="/tmp"/>
		<property name="line.separator" value="
"/>
		<property name="java.vm.specification.vendor" value="Oracle Corporation"/>
		<property name="os.name" value="Linux"/>
		<property name="classworlds.conf" value="/usr/share/maven/bin/m2.conf"/>
		<property name="sun.jnu.encoding" value="UTF-8"/>
		<property name="java.library.path" value=".::/usr/java/packages/lib/amd64:/usr/lib64:/lib64:/lib:/usr/lib"/>
		<property name="java.specification.name" value="Java Platform API Specification"/>
		<property name="java.class.version" value="52.0"/>
		<property name="sun.management.compiler" value="HotSpot 64-Bit Tiered Compilers"/>
		<property name="os.version" value="4.1.13-desktop-2.mga5"/>
		<property name="user.home" value="/home/toby"/>
		<property name="user.timezone" value="Europe/London"/>
		<property name="java.awt.printerjob" value="sun.print.PSPrinterJob"/>
		<property name="java.specification.version" value="1.8"/>
		<property name="idea.launcher.bin.path" value="/home/toby/.idea-IU-135.1306/bin"/>
		<property name="file.encoding" value="UTF-8"/>
		<property name="user.name" value="toby"/>
		<property name="java.class.path" value="/usr/share/maven/boot/plexus-classworlds.jar:/home/toby/.idea-IU-135.1306/lib/idea_rt.jar"/>
		<property name="org.slf4j.simpleLogger.defaultLogLevel" value="info"/>
		<property name="java.vm.specification.version" value="1.8"/>
		<property name="sun.arch.data.model" value="64"/>
		<property name="java.home" value="/usr/java/jdk1.8.0_65/jre"/>
		<property name="sun.java.command"
		          value="com.intellij.rt.execution.application.AppMain org.codehaus.classworlds.Launcher -Didea.version=13.1.6 install"/>
		<property name="java.specification.vendor" value="Oracle Corporation"/>
		<property name="user.language" value="en"/>
		<property name="awt.toolkit" value="sun.awt.X11.XToolkit"/>
		<property name="java.vm.info" value="mixed mode"/>
		<property name="java.version" value="1.8.0_65"/>
		<property name="java.ext.dirs" value="/usr/java/jdk1.8.0_65/jre/lib/ext:/usr/java/packages/lib/ext"/>
		<property name="sun.boot.class.path"
		          value="/usr/java/jdk1.8.0_65/jre/lib/resources.jar:/usr/java/jdk1.8.0_65/jre/lib/rt.jar:/usr/java/jdk1.8.0_65/jre/lib/sunrsasign.jar:/usr/java/jdk1.8.0_65/jre/lib/jsse.jar:/usr/java/jdk1.8.0_65/jre/lib/jce.jar:/usr/java/jdk1.8.0_65/jre/lib/charsets.jar:/usr/java/jdk1.8.0_65/jre/lib/jfr.jar:/usr/java/jdk1.8.0_65/jre/classes"/>
		<property name="java.vendor" value="Oracle Corporation"/>
		<property name="maven.home" value="/usr/share/maven"/>
		<property name="file.separator" value="/"/>
		<property name="java.vendor.url.bug" value="http://bugreport.sun.com/bugreport/"/>
		<property name="sun.cpu.endian" value="little"/>
		<property name="sun.io.unicode.encoding" value="UnicodeLittle"/>
		<property name="sun.cpu.isalist" value=""/>
	</properties>
	<testcase classname="com.bigtobster.pgnextractalt.commands.PGNIOCommandsTest" name="exportBeforeImportTest" time="0.068"/>
	<testcase classname="com.bigtobster.pgnextractalt.commands.PGNIOCommandsTest" name="importTest" time="0.054"/>
	<testcase classname="com.bigtobster.pgnextractalt.commands.PGNIOCommandsTest" name="exportAfterImportTest" time="0.094"/>
</testsuite>